-------------------------------------------------------------------------------
Test set: in.gov.ncl.itsm.asset.hardware.unit.HardwareAssetUnitTest
-------------------------------------------------------------------------------
Tests run: 26, Failures: 0, Errors: 0, Skipped: 0, Time elapsed: 0.535 s -- in in.gov.ncl.itsm.asset.hardware.unit.HardwareAssetUnitTest
in.gov.ncl.itsm.asset.hardware.unit.HardwareAssetUnitTest.asset_validStatusTransitions(String, String)[1] -- Time elapsed: 0.256 s
in.gov.ncl.itsm.asset.hardware.unit.HardwareAssetUnitTest.asset_validStatusTransitions(String, String)[2] -- Time elapsed: 0.002 s
in.gov.ncl.itsm.asset.hardware.unit.HardwareAssetUnitTest.asset_validStatusTransitions(String, String)[3] -- Time elapsed: 0.001 s
in.gov.ncl.itsm.asset.hardware.unit.HardwareAssetUnitTest.asset_validStatusTransitions(String, String)[4] -- Time elapsed: 0.001 s
in.gov.ncl.itsm.asset.hardware.unit.HardwareAssetUnitTest.asset_validStatusTransitions(String, String)[5] -- Time elapsed: 0.001 s
in.gov.ncl.itsm.asset.hardware.unit.HardwareAssetUnitTest.asset_validStatusTransitions(String, String)[6] -- Time elapsed: 0.001 s
in.gov.ncl.itsm.asset.hardware.unit.HardwareAssetUnitTest.consumable_parameterizedBva(int, int, boolean)[1] -- Time elapsed: 0.012 s
in.gov.ncl.itsm.asset.hardware.unit.HardwareAssetUnitTest.consumable_parameterizedBva(int, int, boolean)[2] -- Time elapsed: 0.002 s
in.gov.ncl.itsm.asset.hardware.unit.HardwareAssetUnitTest.consumable_parameterizedBva(int, int, boolean)[3] -- Time elapsed: 0.001 s
in.gov.ncl.itsm.asset.hardware.unit.HardwareAssetUnitTest.consumable_parameterizedBva(int, int, boolean)[4] -- Time elapsed: 0.002 s
in.gov.ncl.itsm.asset.hardware.unit.HardwareAssetUnitTest.consumable_parameterizedBva(int, int, boolean)[5] -- Time elapsed: 0.001 s
in.gov.ncl.itsm.asset.hardware.unit.HardwareAssetUnitTest.consumable_parameterizedBva(int, int, boolean)[6] -- Time elapsed: 0.001 s
in.gov.ncl.itsm.asset.hardware.unit.HardwareAssetUnitTest.consumable_parameterizedBva(int, int, boolean)[7] -- Time elapsed: 0.001 s
in.gov.ncl.itsm.asset.hardware.unit.HardwareAssetUnitTest.consumable_parameterizedBva(int, int, boolean)[8] -- Time elapsed: 0.001 s
in.gov.ncl.itsm.asset.hardware.unit.HardwareAssetUnitTest.consumable_parameterizedBva(int, int, boolean)[9] -- Time elapsed: 0.001 s
in.gov.ncl.itsm.asset.hardware.unit.HardwareAssetUnitTest.consumable_qty9_isLowStock -- Time elapsed: 0.002 s
in.gov.ncl.itsm.asset.hardware.unit.HardwareAssetUnitTest.consumable_qty50_isOk -- Time elapsed: 0.001 s
in.gov.ncl.itsm.asset.hardware.unit.HardwareAssetUnitTest.asset_builderDefaults_createdAtIsNow -- Time elapsed: 0.014 s
in.gov.ncl.itsm.asset.hardware.unit.HardwareAssetUnitTest.consumable_qty10_isLowStock_atBoundary -- Time elapsed: 0.001 s
in.gov.ncl.itsm.asset.hardware.unit.HardwareAssetUnitTest.consumable_qty11_isOk -- Time elapsed: 0 s
in.gov.ncl.itsm.asset.hardware.unit.HardwareAssetUnitTest.asset_retire_setsRetiredAt -- Time elapsed: 0.001 s
in.gov.ncl.itsm.asset.hardware.unit.HardwareAssetUnitTest.asset_assignToUser_setsField -- Time elapsed: 0.032 s
in.gov.ncl.itsm.asset.hardware.unit.HardwareAssetUnitTest.consumable_qty0_isLowStock -- Time elapsed: 0.001 s
in.gov.ncl.itsm.asset.hardware.unit.HardwareAssetUnitTest.consumable_qty1_isLowStock -- Time elapsed: 0.002 s
in.gov.ncl.itsm.asset.hardware.unit.HardwareAssetUnitTest.consumable_defaultReorderLevel_is10 -- Time elapsed: 0.004 s
in.gov.ncl.itsm.asset.hardware.unit.HardwareAssetUnitTest.consumable_updatedAt_isSetOnCreation -- Time elapsed: 0 s
