-------------------------------------------------------------------------------
Test set: in.gov.ncl.itsm.auth.api.AuthControllerIntegrationTest
-------------------------------------------------------------------------------
Tests run: 5, Failures: 0, Errors: 0, Skipped: 0, Time elapsed: 30.42 s -- in in.gov.ncl.itsm.auth.api.AuthControllerIntegrationTest
in.gov.ncl.itsm.auth.api.AuthControllerIntegrationTest.forgotAndResetPassword_success -- Time elapsed: 3.369 s
in.gov.ncl.itsm.auth.api.AuthControllerIntegrationTest.login_lockoutAfter5Attempts -- Time elapsed: 1.121 s
in.gov.ncl.itsm.auth.api.AuthControllerIntegrationTest.login_success -- Time elapsed: 0.436 s
in.gov.ncl.itsm.auth.api.AuthControllerIntegrationTest.register_mismatchedPasswords -- Time elapsed: 0.083 s
in.gov.ncl.itsm.auth.api.AuthControllerIntegrationTest.register_success -- Time elapsed: 0.494 s
