-------------------------------------------------------------------------------
Test set: in.gov.ncl.itsm.auth.api.dto.RegisterRequestUnitTest
-------------------------------------------------------------------------------
Tests run: 3, Failures: 0, Errors: 0, Skipped: 0, Time elapsed: 0.052 s -- in in.gov.ncl.itsm.auth.api.dto.RegisterRequestUnitTest
in.gov.ncl.itsm.auth.api.dto.RegisterRequestUnitTest.shouldSetAndRetrieveValuesThroughGeneratedAccessors -- Time elapsed: 0.002 s
in.gov.ncl.itsm.auth.api.dto.RegisterRequestUnitTest.shouldReportViolationsForBlankRequiredFields -- Time elapsed: 0.029 s
in.gov.ncl.itsm.auth.api.dto.RegisterRequestUnitTest.shouldInitializeAllFieldsAsNullByDefault -- Time elapsed: 0.003 s
