-------------------------------------------------------------------------------
Test set: in.gov.ncl.itsm.auth.api.AuthControllerIntegrationTest
-------------------------------------------------------------------------------
Tests run: 5, Failures: 0, Errors: 0, Skipped: 0, Time elapsed: 17.64 s -- in in.gov.ncl.itsm.auth.api.AuthControllerIntegrationTest
in.gov.ncl.itsm.auth.api.AuthControllerIntegrationTest.forgotAndResetPassword_success -- Time elapsed: 1.694 s
in.gov.ncl.itsm.auth.api.AuthControllerIntegrationTest.login_lockoutAfter5Attempts -- Time elapsed: 0.493 s
in.gov.ncl.itsm.auth.api.AuthControllerIntegrationTest.login_success -- Time elapsed: 0.162 s
in.gov.ncl.itsm.auth.api.AuthControllerIntegrationTest.register_mismatchedPasswords -- Time elapsed: 0.014 s
in.gov.ncl.itsm.auth.api.AuthControllerIntegrationTest.register_success -- Time elapsed: 0.096 s
