-------------------------------------------------------------------------------
Test set: in.gov.ncl.itsm.user.api.UserControllerIntegrationTest
-------------------------------------------------------------------------------
Tests run: 13, Failures: 0, Errors: 0, Skipped: 0, Time elapsed: 2.664 s -- in in.gov.ncl.itsm.user.api.UserControllerIntegrationTest
in.gov.ncl.itsm.user.api.UserControllerIntegrationTest.getUsers_emptySystem_returns200EmptyList -- Time elapsed: 0.090 s
in.gov.ncl.itsm.user.api.UserControllerIntegrationTest.getUsers_asEngineer_returns403 -- Time elapsed: 0.024 s
in.gov.ncl.itsm.user.api.UserControllerIntegrationTest.toggleUser_userNotFound_returns404 -- Time elapsed: 0.042 s
in.gov.ncl.itsm.user.api.UserControllerIntegrationTest.toggleUser_asAdmin_activeUser_returns200 -- Time elapsed: 0.036 s
in.gov.ncl.itsm.user.api.UserControllerIntegrationTest.getUsers_responseShape_hasRequiredFields -- Time elapsed: 0.017 s
in.gov.ncl.itsm.user.api.UserControllerIntegrationTest.getProfile_returnsCurrentUserRegistrationFieldsWithoutPassword -- Time elapsed: 0.028 s
in.gov.ncl.itsm.user.api.UserControllerIntegrationTest.getUsers_noAuth_returns401 -- Time elapsed: 0.006 s
in.gov.ncl.itsm.user.api.UserControllerIntegrationTest.getUsers_asEmployee_returns403 -- Time elapsed: 0.006 s
in.gov.ncl.itsm.user.api.UserControllerIntegrationTest.getUsers_asAdmin_returns200WithList -- Time elapsed: 0.011 s
in.gov.ncl.itsm.user.api.UserControllerIntegrationTest.getUsers_nonAdminRoles_allReturn403(String)[1] -- Time elapsed: 0.010 s
in.gov.ncl.itsm.user.api.UserControllerIntegrationTest.getUsers_nonAdminRoles_allReturn403(String)[2] -- Time elapsed: 0.006 s
in.gov.ncl.itsm.user.api.UserControllerIntegrationTest.getUsers_nonAdminRoles_allReturn403(String)[3] -- Time elapsed: 0.007 s
in.gov.ncl.itsm.user.api.UserControllerIntegrationTest.getUsers_nonAdminRoles_allReturn403(String)[4] -- Time elapsed: 0.006 s
