<?xml version="1.0" encoding="UTF-8" standalone="yes"?><!DOCTYPE report PUBLIC "-//JACOCO//DTD Report 1.1//EN" "report.dtd"><report name="NCL ITSM Integration Tests"><sessioninfo id="Giandeep-f97174c9" start="1783282273919" dump="1783282289208"/><sessioninfo id="Giandeep-851e5cb6" start="1784269724131" dump="1784269743163"/><sessioninfo id="Giandeep-9b7eade2" start="1784270686774" dump="1784270703595"/><sessioninfo id="Giandeep-bcd4d38a" start="1784271177157" dump="1784271196264"/><sessioninfo id="Giandeep-5bfa9b20" start="1784751309328" dump="1784751327978"/><sessioninfo id="Giandeep-beb8b456" start="1784752180842" dump="1784752197421"/><sessioninfo id="Giandeep-3dd850e8" start="1784752265455" dump="1784752284093"/></report>