<?xml version="1.0" encoding="UTF-8" standalone="yes"?><!DOCTYPE report PUBLIC "-//JACOCO//DTD Report 1.1//EN" "report.dtd"><report name="NCL ITSM Integration Tests"><sessioninfo id="Giandeep-3ca0077a" start="1782286967094" dump="1782286997916"/><sessioninfo id="Giandeep-fe2423e" start="1782287123942" dump="1782287152561"/><sessioninfo id="Giandeep-bb837f50" start="1782287184200" dump="1782287214729"/><sessioninfo id="Giandeep-79079355" start="1782645202937" dump="1782645259767"/><sessioninfo id="Giandeep-9d89c5e6" start="1782645699027" dump="1782645736274"/><sessioninfo id="Giandeep-65e367f1" start="1782646013567" dump="1782646040636"/><sessioninfo id="Giandeep-b9dcf9df" start="1782646135407" dump="1782646179524"/><sessioninfo id="Giandeep-7139aa2b" start="1782646804020" dump="1782646842615"/><sessioninfo id="Giandeep-7c35d2d3" start="1782646918228" dump="1782646950408"/><sessioninfo id="Giandeep-96b4dc5a" start="1782647519474" dump="1782647538015"/><sessioninfo id="Giandeep-11caa40c" start="1782647677529" dump="1782647696066"/></report>